<?xml version="1.0" encoding="UTF-8"?>
<!-- Generated by org.testng.reporters.JUnitReportReporter -->
<testsuite hostname="DESKTOP-EGDOR7B" failures="0" tests="1" name="testCases.LoginTest" time="13.063" errors="0" timestamp="2023-09-14T22:16:50 IST" skipped="0">
  <testcase classname="testCases.LoginTest" name="verifyLoginWithValidEmailAndValidPassword" time="13.063"/>
</testsuite> <!-- testCases.LoginTest -->
